CCTV-1
CCTV-2
CCTV-3
CCTV-4
CCTV-5
CCTV5+
CCTV-6
CCTV-7
CCTV-8
CCTV-9
CCTV-10
CCTV-11
CCTV-12
CCTV-13
CCTV-14
CCTV-15
CCTV-17
CGTN
BTV北京卫视
BTV文艺
BTV科教
BTV影视
BTV财经
BTV生活
BTV青年
BTV新闻
BTV卡酷少儿
BTV冬奥纪实
BTV国际频道
房山电视台
朝阳
密云电视台
CETV1
CETV2
CETV3
CETV4
东南卫视
东方卫视
天津卫视
安徽卫视
山东卫视
广东卫视
江苏卫视
河北卫视
浙江卫视
深圳卫视
湖北卫视
湖南卫视
贵州卫视
辽宁卫视
黑龙江卫视
旅游卫视
金鹰纪实
纪实频道
DOGTV
IPTV3+
IPTV5+
IPTV5+
IPTV6+
IPTV8+
淘Baby
淘剧场
淘娱乐
淘电影
爱上4K
4K超清
熊猫频道
三沙卫视
云南卫视
四川卫视
兵团卫视
内蒙古卫视
南方卫视
厦门卫视
吉林卫视
宁夏卫视
山西卫视
广西卫视
新疆卫视
江西卫视
河南卫视
甘肃卫视
西藏卫视
重庆卫视
陕西卫视
青海卫视
喜剧影院
动作影院
家庭影院
热播剧场
军旅剧场
武侠剧场
古装剧场
城市剧场
经典电影
收视指南
电影台
粤荟萃
嘉佳卡通
金鹰卡通
少儿动画
好学生
大健康
爱生活
电子竞技
财富天下
音乐现场
魅力时尚
山东教育
光影
军事
动画
台球
国学
地理
墨宝
戏曲
早教
星影
精选
美人
美妆
解密
足球
高网
鉴赏
武术
茶频道
快乐垂钓
测试测试